# Check configuration tokens
# Ensure build layout
# Create directory /home/petras/Documents/python/kivy/mobile-test-app/.buildozer/applibs
# Check configuration tokens
# Preparing build
# Check requirements for android
# Run 'dpkg --version'
# Cwd None
Debian 'dpkg' package management program version 1.19.6 (amd64).
This is free software; see the GNU General Public License version 2 or
later for copying conditions. There is NO warranty.
# Search for Git (git)
#  -> found at /usr/bin/git
# Search for Cython (cython)
#  -> found at /usr/local/bin/cython
# Search for Java compiler (javac)
#  -> found at /usr/lib/jvm/java-8-openjdk-amd64/bin/javac
# Search for Java keytool (keytool)
#  -> found at /usr/lib/jvm/java-8-openjdk-amd64/jre/bin/keytool
# Install platform
# Run 'git config --get remote.origin.url'
# Cwd /home/petras/Documents/python/kivy/mobile-test-app/.buildozer/android/platform/python-for-android
git@github.com:VPetras/mobile-test-app.git
